<testsuite failures="1" name="examples/reqrestests/testapi.feature" skipped="0" tests="5" time="6.172075">
  <testcase classname="examples.reqrestests.testapi" name="get all users and then get the first user by id" time="1.278944">
    <system-out>* url URL ................................................................. passed
* print utils ............................................................. passed
* def postRequest = read(postRequestBody) ................................. passed
Given path 'api/users/2' .................................................. passed
When method get ........................................................... passed
Then status 200 ........................................................... passed
* def first = response.data ............................................... passed
Given path 'api/users', first.id .......................................... passed
When method get ........................................................... passed
Then status 200 ........................................................... passed
And match response == read(getRequestBody) ................................ passed</system-out>
  </testcase>
  <testcase classname="examples.reqrestests.testapi" name="create a user and then get it by id" time="1.218404">
    <system-out>* url URL ................................................................. passed
* print utils ............................................................. passed
* def postRequest = read(postRequestBody) ................................. passed
Given path 'api/users/2' .................................................. passed
When method get ........................................................... passed
Then status 200 ........................................................... passed
* def first = response.data ............................................... passed
Given path 'api/users', first.id .......................................... passed
When method get ........................................................... passed
Then status 200 ........................................................... passed
And match response == read(getRequestBody) ................................ passed
* url URL ................................................................. passed
* print utils ............................................................. passed
* def postRequest = read(postRequestBody) ................................. passed
Given path 'api/users' .................................................... passed
And request postRequest ................................................... passed
When method post .......................................................... passed
Then status 201 ........................................................... passed
* def id = response.id .................................................... passed
* print 'created id is: ', id ............................................. passed</system-out>
  </testcase>
  <testcase classname="examples.reqrestests.testapi" name="update a user" time="1.254883">
    <failure message="testapi.feature:36 - status code was: 503, expected: 200, response time: 380, url: https://reqres.in/api/users/2, response: &lt;!DOCTYPE html&gt;&#10;&#9;&lt;html&gt;&#10;&#9;  &lt;head&gt;&#10;&#9;&#9;&lt;meta name=&quot;viewport&quot; content=&quot;width=device-width, initial-scale=1&quot;&gt;&#10;&#9;&#9;&lt;meta charset=&quot;utf-8&quot;&gt;&#10;&#9;&#9;&lt;title&gt;Application Error&lt;/title&gt;&#10;&#9;&#9;&lt;style media=&quot;screen&quot;&gt;&#10;&#9;&#9;  html,body,iframe {&#10;&#9;&#9;&#9;margin: 0;&#10;&#9;&#9;&#9;padding: 0;&#10;&#9;&#9;  }&#10;&#9;&#9;  html,body {&#10;&#9;&#9;&#9;height: 100%;&#10;&#9;&#9;&#9;overflow: hidden;&#10;&#9;&#9;  }&#10;&#9;&#9;  iframe {&#10;&#9;&#9;&#9;width: 100%;&#10;&#9;&#9;&#9;height: 100%;&#10;&#9;&#9;&#9;border: 0;&#10;&#9;&#9;  }&#10;&#9;&#9;&lt;/style&gt;&#10;&#9;  &lt;/head&gt;&#10;&#9;  &lt;body&gt;&#10;&#9;&#9;&lt;iframe src=&quot;//www.herokucdn.com/error-pages/application-error.html&quot;&gt;&lt;/iframe&gt;&#10;&#9;  &lt;/body&gt;&#10;&#9;&lt;/html&gt;">* url URL ................................................................. passed
* print utils ............................................................. passed
* def postRequest = read(postRequestBody) ................................. passed
Given path 'api/users/2' .................................................. passed
When method get ........................................................... passed
Then status 200 ........................................................... passed
* def first = response.data ............................................... passed
Given path 'api/users', first.id .......................................... passed
When method get ........................................................... passed
Then status 200 ........................................................... passed
And match response == read(getRequestBody) ................................ passed
* url URL ................................................................. passed
* print utils ............................................................. passed
* def postRequest = read(postRequestBody) ................................. passed
Given path 'api/users' .................................................... passed
And request postRequest ................................................... passed
When method post .......................................................... passed
Then status 201 ........................................................... passed
* def id = response.id .................................................... passed
* print 'created id is: ', id ............................................. passed
* url URL ................................................................. passed
* print utils ............................................................. passed
* def postRequest = read(postRequestBody) ................................. passed
Given path 'api/users/2' .................................................. passed
And request putRequestBody ................................................ passed
When method put ........................................................... passed
Then status 200 ........................................................... failed

Stack Trace:
com.intuit.karate.exception.KarateException: testapi.feature:36 - status code was: 503, expected: 200, response time: 380, url: https://reqres.in/api/users/2, response: &lt;!DOCTYPE html&gt;
	&lt;html&gt;
	  &lt;head&gt;
		&lt;meta name="viewport" content="width=device-width, initial-scale=1"&gt;
		&lt;meta charset="utf-8"&gt;
		&lt;title&gt;Application Error&lt;/title&gt;
		&lt;style media="screen"&gt;
		  html,body,iframe {
			margin: 0;
			padding: 0;
		  }
		  html,body {
			height: 100%;
			overflow: hidden;
		  }
		  iframe {
			width: 100%;
			height: 100%;
			border: 0;
		  }
		&lt;/style&gt;
	  &lt;/head&gt;
	  &lt;body&gt;
		&lt;iframe src="//www.herokucdn.com/error-pages/application-error.html"&gt;&lt;/iframe&gt;
	  &lt;/body&gt;
	&lt;/html&gt;&#13;
	at ✽.Then status 200 (testapi.feature:36)</failure>
  </testcase>
  <testcase classname="examples.reqrestests.testapi" name="delete a user" time="1.202948">
    <system-out>* url URL ................................................................. passed
* print utils ............................................................. passed
* def postRequest = read(postRequestBody) ................................. passed
Given path 'api/users/2' .................................................. passed
When method get ........................................................... passed
Then status 200 ........................................................... passed
* def first = response.data ............................................... passed
Given path 'api/users', first.id .......................................... passed
When method get ........................................................... passed
Then status 200 ........................................................... passed
And match response == read(getRequestBody) ................................ passed
* url URL ................................................................. passed
* print utils ............................................................. passed
* def postRequest = read(postRequestBody) ................................. passed
Given path 'api/users' .................................................... passed
And request postRequest ................................................... passed
When method post .......................................................... passed
Then status 201 ........................................................... passed
* def id = response.id .................................................... passed
* print 'created id is: ', id ............................................. passed
* url URL ................................................................. passed
* print utils ............................................................. passed
* def postRequest = read(postRequestBody) ................................. passed
Given path 'api/users/2' .................................................. passed
And request putRequestBody ................................................ passed
When method put ........................................................... passed
Then status 200 ........................................................... failed

Stack Trace:
com.intuit.karate.exception.KarateException: testapi.feature:36 - status code was: 503, expected: 200, response time: 380, url: https://reqres.in/api/users/2, response: &lt;!DOCTYPE html&gt;
	&lt;html&gt;
	  &lt;head&gt;
		&lt;meta name="viewport" content="width=device-width, initial-scale=1"&gt;
		&lt;meta charset="utf-8"&gt;
		&lt;title&gt;Application Error&lt;/title&gt;
		&lt;style media="screen"&gt;
		  html,body,iframe {
			margin: 0;
			padding: 0;
		  }
		  html,body {
			height: 100%;
			overflow: hidden;
		  }
		  iframe {
			width: 100%;
			height: 100%;
			border: 0;
		  }
		&lt;/style&gt;
	  &lt;/head&gt;
	  &lt;body&gt;
		&lt;iframe src="//www.herokucdn.com/error-pages/application-error.html"&gt;&lt;/iframe&gt;
	  &lt;/body&gt;
	&lt;/html&gt;&#13;
	at ✽.Then status 200 (testapi.feature:36)&#13;

* url URL ................................................................. passed
* print utils ............................................................. passed
* def postRequest = read(postRequestBody) ................................. passed
Given path 'api/users/2' .................................................. passed
When method delete ........................................................ passed
Then status 204 ........................................................... passed</system-out>
  </testcase>
  <testcase classname="examples.reqrestests.testapi" name="update a user" time="1.216897">
    <system-out>* url URL ................................................................. passed
* print utils ............................................................. passed
* def postRequest = read(postRequestBody) ................................. passed
Given path 'api/users/2' .................................................. passed
When method get ........................................................... passed
Then status 200 ........................................................... passed
* def first = response.data ............................................... passed
Given path 'api/users', first.id .......................................... passed
When method get ........................................................... passed
Then status 200 ........................................................... passed
And match response == read(getRequestBody) ................................ passed
* url URL ................................................................. passed
* print utils ............................................................. passed
* def postRequest = read(postRequestBody) ................................. passed
Given path 'api/users' .................................................... passed
And request postRequest ................................................... passed
When method post .......................................................... passed
Then status 201 ........................................................... passed
* def id = response.id .................................................... passed
* print 'created id is: ', id ............................................. passed
* url URL ................................................................. passed
* print utils ............................................................. passed
* def postRequest = read(postRequestBody) ................................. passed
Given path 'api/users/2' .................................................. passed
And request putRequestBody ................................................ passed
When method put ........................................................... passed
Then status 200 ........................................................... failed

Stack Trace:
com.intuit.karate.exception.KarateException: testapi.feature:36 - status code was: 503, expected: 200, response time: 380, url: https://reqres.in/api/users/2, response: &lt;!DOCTYPE html&gt;
	&lt;html&gt;
	  &lt;head&gt;
		&lt;meta name="viewport" content="width=device-width, initial-scale=1"&gt;
		&lt;meta charset="utf-8"&gt;
		&lt;title&gt;Application Error&lt;/title&gt;
		&lt;style media="screen"&gt;
		  html,body,iframe {
			margin: 0;
			padding: 0;
		  }
		  html,body {
			height: 100%;
			overflow: hidden;
		  }
		  iframe {
			width: 100%;
			height: 100%;
			border: 0;
		  }
		&lt;/style&gt;
	  &lt;/head&gt;
	  &lt;body&gt;
		&lt;iframe src="//www.herokucdn.com/error-pages/application-error.html"&gt;&lt;/iframe&gt;
	  &lt;/body&gt;
	&lt;/html&gt;&#13;
	at ✽.Then status 200 (testapi.feature:36)&#13;

* url URL ................................................................. passed
* print utils ............................................................. passed
* def postRequest = read(postRequestBody) ................................. passed
Given path 'api/users/2' .................................................. passed
When method delete ........................................................ passed
Then status 204 ........................................................... passed
* url URL ................................................................. passed
* print utils ............................................................. passed
* def postRequest = read(postRequestBody) ................................. passed
Given path 'api/users/2' .................................................. passed
And request putRequestBody ................................................ passed
When method patch ......................................................... passed
Then status 200 ........................................................... passed</system-out>
  </testcase>
</testsuite>
