<?xml version="1.0" encoding="UTF-8"?>
<testsuite xmlns:xsi="http://www.w3.org/2001/XMLSchema-instance" xsi:noNamespaceSchemaLocation="https://maven.apache.org/surefire/maven-surefire-plugin/xsd/surefire-test-report.xsd" name="com.examples.reqrestests.TestApiTestRunner" time="5.653" tests="1" errors="0" skipped="0" failures="1">
  <properties>
[...]
</properties>
  <testcase name="testParallel" classname="com.examples.reqrestests.TestApiTestRunner" time="5.641">
    <failure message="failed features:&#10;com.examples.reqrestests.testapi: testapi.feature:19 - path: $, actual: {&quot;data&quot;:{&quot;last_name&quot;:&quot;Weaver&quot;,&quot;id&quot;:2,&quot;avatar&quot;:&quot;https:\/\/s3.amazonaws.com\/uifaces\/faces\/twitter\/josephstein\/128.jpg&quot;,&quot;first_name&quot;:&quot;Janet&quot;,&quot;email&quot;:&quot;janet.weaver@reqres.in&quot;},&quot;support&quot;:{&quot;text&quot;:&quot;To keep ReqRes free, contributions towards server costs are appreciated!&quot;,&quot;url&quot;:&quot;https:\/\/reqres.in\/#support-heading&quot;}}, expected: {data={id=2, email=janet.weaver@reqres.in, first_name=Janet, last_name=Weaver, avatar=https://s3.amazonaws.com/uifaces/faces/twitter/josephstein/128.jpg}, ad={company=StatusCode Weekly, url=http://statuscode.org/, text=A weekly newsletter focusing on software development, infrastructure, the server, performance, and the stack end of things.}}, reason: all key-values did not match, expected has un-matched keys: [ad]&#10; ==&gt; expected: &lt;0&gt; but was: &lt;1&gt;" type="org.opentest4j.AssertionFailedError"><![CDATA[org.opentest4j.AssertionFailedError: 
failed features:
com.examples.reqrestests.testapi: testapi.feature:19 - path: $, actual: {"data":{"last_name":"Weaver","id":2,"avatar":"https:\/\/s3.amazonaws.com\/uifaces\/faces\/twitter\/josephstein\/128.jpg","first_name":"Janet","email":"janet.weaver@reqres.in"},"support":{"text":"To keep ReqRes free, contributions towards server costs are appreciated!","url":"https:\/\/reqres.in\/#support-heading"}}, expected: {data={id=2, email=janet.weaver@reqres.in, first_name=Janet, last_name=Weaver, avatar=https://s3.amazonaws.com/uifaces/faces/twitter/josephstein/128.jpg}, ad={company=StatusCode Weekly, url=http://statuscode.org/, text=A weekly newsletter focusing on software development, infrastructure, the server, performance, and the stack end of things.}}, reason: all key-values did not match, expected has un-matched keys: [ad]
 ==> expected: <0> but was: <1>
]]></failure>
    <system-out><![CDATA[20:36:52.226 [main] INFO  com.intuit.karate.Runner - waiting for parallel features to complete ...
20:36:52.595 [ForkJoinPool-1-worker-4] INFO  com.intuit.karate - karate.env system property was :::  users 
20:36:52.595 [ForkJoinPool-1-worker-5] INFO  com.intuit.karate - karate.env system property was :::  users 
20:36:52.595 [ForkJoinPool-1-worker-1] INFO  com.intuit.karate - karate.env system property was :::  users 
20:36:52.595 [ForkJoinPool-1-worker-3] INFO  com.intuit.karate - karate.env system property was :::  users 
20:36:52.595 [ForkJoinPool-1-worker-2] INFO  com.intuit.karate - karate.env system property was :::  users 
20:36:52.767 [ForkJoinPool-1-worker-2] INFO  com.intuit.karate - Karate Testing Environment :::  DEV 
20:36:52.767 [ForkJoinPool-1-worker-1] INFO  com.intuit.karate - Karate Testing Environment :::  DEV 
20:36:52.768 [ForkJoinPool-1-worker-4] INFO  com.intuit.karate - Karate Testing Environment :::  DEV 
20:36:52.769 [ForkJoinPool-1-worker-5] INFO  com.intuit.karate - Karate Testing Environment :::  DEV 
20:36:52.769 [ForkJoinPool-1-worker-3] INFO  com.intuit.karate - Karate Testing Environment :::  DEV 
20:36:52.823 [ForkJoinPool-1-worker-5] INFO  com.intuit.karate - [print]
20:36:52.823 [ForkJoinPool-1-worker-2] INFO  com.intuit.karate - [print]
20:36:52.823 [ForkJoinPool-1-worker-3] INFO  com.intuit.karate - [print]
20:36:52.823 [ForkJoinPool-1-worker-4] INFO  com.intuit.karate - [print]
20:36:52.823 [ForkJoinPool-1-worker-1] INFO  com.intuit.karate - [print]
20:36:53.989 [ForkJoinPool-1-worker-2] DEBUG com.intuit.karate - request:
1 > GET https://reqres.in/api/users/2
1 > Accept-Encoding: gzip,deflate
1 > Connection: Keep-Alive
1 > Host: reqres.in
1 > User-Agent: Apache-HttpClient/4.5.12 (Java/1.8.0_251)

20:36:53.989 [ForkJoinPool-1-worker-1] DEBUG com.intuit.karate - request:
1 > GET https://reqres.in/api/users/2
1 > Accept-Encoding: gzip,deflate
1 > Connection: Keep-Alive
1 > Host: reqres.in
1 > User-Agent: Apache-HttpClient/4.5.12 (Java/1.8.0_251)

20:36:53.991 [ForkJoinPool-1-worker-5] DEBUG com.intuit.karate - request:
1 > POST https://reqres.in/api/users
1 > Accept-Encoding: gzip,deflate
1 > Connection: Keep-Alive
1 > Content-Length: 34
1 > Content-Type: application/json; charset=UTF-8
1 > Host: reqres.in
1 > User-Agent: Apache-HttpClient/4.5.12 (Java/1.8.0_251)
{"name":"morpheus","job":"leader"}

20:36:53.992 [ForkJoinPool-1-worker-3] DEBUG com.intuit.karate - request:
1 > PUT https://reqres.in/api/users/2
1 > Accept-Encoding: gzip,deflate
1 > Connection: Keep-Alive
1 > Content-Length: 41
1 > Content-Type: text/plain; charset=UTF-8
1 > Host: reqres.in
1 > User-Agent: Apache-HttpClient/4.5.12 (Java/1.8.0_251)
fixtures/requests/put_request_sample.json

20:36:53.993 [ForkJoinPool-1-worker-4] DEBUG com.intuit.karate - request:
1 > DELETE https://reqres.in/api/users/2
1 > Accept-Encoding: gzip,deflate
1 > Connection: Keep-Alive
1 > Host: reqres.in
1 > User-Agent: Apache-HttpClient/4.5.12 (Java/1.8.0_251)

20:36:54.472 [ForkJoinPool-1-worker-5] DEBUG com.intuit.karate - response time in milliseconds: 479.12
1 < 201
1 < CF-Cache-Status: DYNAMIC
1 < CF-RAY: 5f447c8cd8971ec6-AMS
1 < Connection: keep-alive
1 < Content-Length: 84
1 < Content-Type: application/json; charset=utf-8
1 < Date: Wed, 18 Nov 2020 20:36:56 GMT
1 < Expect-CT: max-age=604800, report-uri="https://report-uri.cloudflare.com/cdn-cgi/beacon/expect-ct"
1 < NEL: {"report_to":"cf-nel","max_age":604800}
1 < Report-To: {"endpoints":[{"url":"https:\/\/a.nel.cloudflare.com\/report?s=U1PgK2wCp8hz3uDXaGyv%2F30uWcfTFOMOXGGmKckFN4VmjybBEjMmwNJXI1OfrcTiDngC8t%2BC86OqfClo45YLItovPqy3A1xML2A%3D"}],"group":"cf-nel","max_age":604800}
1 < Server: cloudflare
1 < Set-Cookie: __cfduid=d46c8e6d8c6a85528bbc11a5aeab671f61605731816; expires=Fri, 18-Dec-20 20:36:56 GMT; path=/; domain=.reqres.in; HttpOnly; SameSite=Lax; Secure
1 < access-control-allow-origin: *
1 < cf-request-id: 067eac2c0a00001ec688804000000001
1 < etag: W/"54-+VfF69pVcQZUCcmunDixf7USLiM"
1 < via: 1.1 vegur
1 < x-powered-by: Express
{"name":"morpheus","job":"leader","id":"587","createdAt":"2020-11-18T20:36:56.501Z"}

20:36:54.472 [ForkJoinPool-1-worker-3] DEBUG com.intuit.karate - response time in milliseconds: 477.13
1 < 200
1 < Access-Control-Allow-Origin: *
1 < CF-Cache-Status: DYNAMIC
1 < CF-RAY: 5f447c8cdaf4fa44-AMS
1 < Connection: keep-alive
1 < Content-Length: 40
1 < Content-Type: application/json; charset=utf-8
1 < Date: Wed, 18 Nov 2020 20:36:56 GMT
1 < Etag: W/"28-yLisNS1N3Q+XJ8gLzkFfVgrCCpc"
1 < Expect-CT: max-age=604800, report-uri="https://report-uri.cloudflare.com/cdn-cgi/beacon/expect-ct"
1 < NEL: {"report_to":"cf-nel","max_age":604800}
1 < Report-To: {"endpoints":[{"url":"https:\/\/a.nel.cloudflare.com\/report?s=NKDKdlw1V8oTbPF709OQ74cM6NaA8ykR0X7%2BmzDTGPBNHsXFsPE06iKkWAuew%2F7vDIPCxLckk%2B%2FeKRVpOEiBsnvrDAHl7rkwTnw%3D"}],"group":"cf-nel","max_age":604800}
1 < Server: cloudflare
1 < Set-Cookie: __cfduid=dd3f1bbe22554d2b5aec4a41c2b9254771605731816; expires=Fri, 18-Dec-20 20:36:56 GMT; path=/; domain=.reqres.in; HttpOnly; SameSite=Lax; Secure
1 < Via: 1.1 vegur
1 < X-Powered-By: Express
1 < cf-request-id: 067eac2c0c0000fa445a9b5000000001
{"updatedAt":"2020-11-18T20:36:56.507Z"}

20:36:54.475 [ForkJoinPool-1-worker-4] DEBUG com.intuit.karate - response time in milliseconds: 481.92
1 < 204
1 < Access-Control-Allow-Origin: *
1 < CF-Cache-Status: DYNAMIC
1 < CF-RAY: 5f447c8cdecac76d-AMS
1 < Connection: keep-alive
1 < Content-Length: 0
1 < Date: Wed, 18 Nov 2020 20:36:56 GMT
1 < Etag: W/"2-vyGp6PvFo4RvsFtPoIWeCReyIC8"
1 < Expect-CT: max-age=604800, report-uri="https://report-uri.cloudflare.com/cdn-cgi/beacon/expect-ct"
1 < NEL: {"report_to":"cf-nel","max_age":604800}
1 < Report-To: {"endpoints":[{"url":"https:\/\/a.nel.cloudflare.com\/report?s=nldz%2F5jkjuPM0M2mJW%2FxopS1nL6fEbijmwY6EIY5guCvarNPUVp3AzQf1Qe4fEJP9gBJtvkM690pUz2BgRMQT1EH0EFyieufbA8%3D"}],"group":"cf-nel","max_age":604800}
1 < Server: cloudflare
1 < Set-Cookie: __cfduid=deb7377f5c76f4308cfefe654914748471605731816; expires=Fri, 18-Dec-20 20:36:56 GMT; path=/; domain=.reqres.in; HttpOnly; SameSite=Lax; Secure
1 < Via: 1.1 vegur
1 < X-Powered-By: Express
1 < cf-request-id: 067eac2c080000c76d1ca13000000001

20:36:54.493 [ForkJoinPool-1-worker-5] INFO  com.intuit.karate - [print] created id is:  587
20:36:54.496 [ForkJoinPool-1-worker-4] INFO  com.intuit.karate - karate.env system property was :::  users 
20:36:54.503 [ForkJoinPool-1-worker-4] INFO  com.intuit.karate - Karate Testing Environment :::  DEV 
20:36:54.507 [ForkJoinPool-1-worker-4] INFO  com.intuit.karate - [print]
20:36:54.514 [ForkJoinPool-1-worker-4] DEBUG com.intuit.karate - request:
1 > PATCH https://reqres.in/api/users/2
1 > Accept-Encoding: gzip,deflate
1 > Connection: Keep-Alive
1 > Content-Length: 41
1 > Content-Type: text/plain; charset=UTF-8
1 > Host: reqres.in
1 > User-Agent: Apache-HttpClient/4.5.12 (Java/1.8.0_251)
fixtures/requests/put_request_sample.json

20:36:54.537 [ForkJoinPool-1-worker-1] DEBUG com.intuit.karate - response time in milliseconds: 545.39
1 < 200
1 < Access-Control-Allow-Origin: *
1 < CF-Cache-Status: DYNAMIC
1 < CF-RAY: 5f447c8cde6f9c21-AMS
1 < Connection: keep-alive
1 < Content-Type: application/json; charset=utf-8
1 < Date: Wed, 18 Nov 2020 20:36:56 GMT
1 < Etag: W/"133-LSMNaMLmUUW7mb0QKapIU3FQUI0"
1 < Expect-CT: max-age=604800, report-uri="https://report-uri.cloudflare.com/cdn-cgi/beacon/expect-ct"
1 < NEL: {"report_to":"cf-nel","max_age":604800}
1 < Report-To: {"endpoints":[{"url":"https:\/\/a.nel.cloudflare.com\/report?s=Cxi98MNSv4A0qlZuAuFUCrqSGtxbR%2FLKm2A4knn5i4GPIk%2Bz2Pr15Xa6Y%2B6WO1FrEM1KKSbKwt32fzm9KufNVS5coHv%2FBpZq578%3D"}],"group":"cf-nel","max_age":604800}
1 < Server: cloudflare
1 < Set-Cookie: __cfduid=db289e01553d1809e1a508c6df56fdf4f1605731816; expires=Fri, 18-Dec-20 20:36:56 GMT; path=/; domain=.reqres.in; HttpOnly; SameSite=Lax; Secure
1 < Transfer-Encoding: chunked
1 < Via: 1.1 vegur
1 < X-Powered-By: Express
1 < cf-request-id: 067eac2c0900009c21d094b000000001
{"data":{"id":2,"email":"janet.weaver@reqres.in","first_name":"Janet","last_name":"Weaver","avatar":"https://s3.amazonaws.com/uifaces/faces/twitter/josephstein/128.jpg"},"support":{"url":"https://reqres.in/#support-heading","text":"To keep ReqRes free, contributions towards server costs are appreciated!"}}

20:36:54.543 [ForkJoinPool-1-worker-2] DEBUG com.intuit.karate - response time in milliseconds: 551.59
1 < 200
1 < Access-Control-Allow-Origin: *
1 < CF-Cache-Status: DYNAMIC
1 < CF-RAY: 5f447c8cdd869c45-AMS
1 < Connection: keep-alive
1 < Content-Type: application/json; charset=utf-8
1 < Date: Wed, 18 Nov 2020 20:36:56 GMT
1 < Etag: W/"133-LSMNaMLmUUW7mb0QKapIU3FQUI0"
1 < Expect-CT: max-age=604800, report-uri="https://report-uri.cloudflare.com/cdn-cgi/beacon/expect-ct"
1 < NEL: {"report_to":"cf-nel","max_age":604800}
1 < Report-To: {"endpoints":[{"url":"https:\/\/a.nel.cloudflare.com\/report?s=1w2QjIvc3K%2BLfwvdq6jdZVVR3P5ccWjruHGDTJ0ZEwtae8eTlsFFwzEpaddin1sFryGPRjnEBRo%2BAIo2coVWIUuo8OOgsW%2FN0DE%3D"}],"group":"cf-nel","max_age":604800}
1 < Server: cloudflare
1 < Set-Cookie: __cfduid=d3f79c94e8ead98fbde1f0b096f34bec11605731816; expires=Fri, 18-Dec-20 20:36:56 GMT; path=/; domain=.reqres.in; HttpOnly; SameSite=Lax; Secure
1 < Transfer-Encoding: chunked
1 < Via: 1.1 vegur
1 < X-Powered-By: Express
1 < cf-request-id: 067eac2c0900009c45638f1000000001
{"data":{"id":2,"email":"janet.weaver@reqres.in","first_name":"Janet","last_name":"Weaver","avatar":"https://s3.amazonaws.com/uifaces/faces/twitter/josephstein/128.jpg"},"support":{"url":"https://reqres.in/#support-heading","text":"To keep ReqRes free, contributions towards server costs are appreciated!"}}

20:36:54.560 [ForkJoinPool-1-worker-2] ERROR com.intuit.karate - assertion failed: path: $, actual: {"data":{"last_name":"Weaver","id":2,"avatar":"https:\/\/s3.amazonaws.com\/uifaces\/faces\/twitter\/josephstein\/128.jpg","first_name":"Janet","email":"janet.weaver@reqres.in"},"support":{"text":"To keep ReqRes free, contributions towards server costs are appreciated!","url":"https:\/\/reqres.in\/#support-heading"}}, expected: {data={id=2, email=janet.weaver@reqres.in, first_name=Janet, last_name=Weaver, avatar=https://s3.amazonaws.com/uifaces/faces/twitter/josephstein/128.jpg}, ad={company=StatusCode Weekly, url=http://statuscode.org/, text=A weekly newsletter focusing on software development, infrastructure, the server, performance, and the stack end of things.}}, reason: all key-values did not match, expected has un-matched keys: [ad]
20:36:54.645 [ForkJoinPool-1-worker-4] DEBUG com.intuit.karate - response time in milliseconds: 130.06
1 < 200
1 < Access-Control-Allow-Origin: *
1 < CF-Cache-Status: DYNAMIC
1 < CF-RAY: 5f447c8e0f430c29-AMS
1 < Connection: keep-alive
1 < Content-Length: 40
1 < Content-Type: application/json; charset=utf-8
1 < Date: Wed, 18 Nov 2020 20:36:56 GMT
1 < Etag: W/"28-kzqCeqkvnZodWi1rfnmRCUP3Ed8"
1 < Expect-CT: max-age=604800, report-uri="https://report-uri.cloudflare.com/cdn-cgi/beacon/expect-ct"
1 < NEL: {"report_to":"cf-nel","max_age":604800}
1 < Report-To: {"endpoints":[{"url":"https:\/\/a.nel.cloudflare.com\/report?s=iRhZ4nhX%2FLQfgrzaH4vSfTb5X6U6xRmoxNkhwA%2FJE%2FWKsqRh4dS4RHLJVaOT294s2ccHl5pITpBu6nI7vqzABDt3FLgH0Fxt1Wg%3D"}],"group":"cf-nel","max_age":604800}
1 < Server: cloudflare
1 < Set-Cookie: __cfduid=df575d3127b10f2a7b2cb0e75a45cadf91605731816; expires=Fri, 18-Dec-20 20:36:56 GMT; path=/; domain=.reqres.in; HttpOnly; SameSite=Lax; Secure
1 < Via: 1.1 vegur
1 < X-Powered-By: Express
1 < cf-request-id: 067eac2cc700000c2974270000000001
{"updatedAt":"2020-11-18T20:36:56.686Z"}

20:36:55.002 [pool-1-thread-1] INFO  com.intuit.karate.Runner - <<fail>> feature 1 of 1: classpath:com/examples/reqrestests/testapi.feature
---------------------------------------------------------
feature: classpath:com/examples/reqrestests/testapi.feature
report: target\surefire-reports\com.examples.reqrestests.testapi.json
scenarios:  6 | passed:  5 | failed:  1 | time: 8.6316
---------------------------------------------------------

HTML report: (paste into browser to view) | Karate version: 0.9.6
file:/C:/Work/Automation_POC/RestAPI_KarateBDD/target/surefire-reports/karate-summary.html
===================================================================

Karate version: 0.9.6
======================================================
elapsed:   3.35 | threads:    5 | thread time: 8.63 
features:     1 | ignored:    0 | efficiency: 0.52
scenarios:    6 | passed:     5 | failed: 1
======================================================
failed features:
com.examples.reqrestests.testapi: testapi.feature:19 - path: $, actual: {"data":{"last_name":"Weaver","id":2,"avatar":"https:\/\/s3.amazonaws.com\/uifaces\/faces\/twitter\/josephstein\/128.jpg","first_name":"Janet","email":"janet.weaver@reqres.in"},"support":{"text":"To keep ReqRes free, contributions towards server costs are appreciated!","url":"https:\/\/reqres.in\/#support-heading"}}, expected: {data={id=2, email=janet.weaver@reqres.in, first_name=Janet, last_name=Weaver, avatar=https://s3.amazonaws.com/uifaces/faces/twitter/josephstein/128.jpg}, ad={company=StatusCode Weekly, url=http://statuscode.org/, text=A weekly newsletter focusing on software development, infrastructure, the server, performance, and the stack end of things.}}, reason: all key-values did not match, expected has un-matched keys: [ad]

target/surefire-reports
Skip failures JVM property value false
]]></system-out>
    <system-err><![CDATA[ERROR StatusLogger No log4j2 configuration file found. Using default configuration: logging only errors to the console.
]]></system-err>
  </testcase>
</testsuite>