<?xml version="1.0" encoding="UTF-8"?>
<testsuite xmlns:xsi="http://www.w3.org/2001/XMLSchema-instance" xsi:noNamespaceSchemaLocation="https://maven.apache.org/surefire/maven-surefire-plugin/xsd/surefire-test-report.xsd" name="testpackage.TestApiRunner" time="0.512" tests="1" errors="0" skipped="0" failures="1">
  <properties>
[...]
</properties>
  <testcase name="testParallel" classname="testpackage.TestApiRunner" time="0.512">
    <failure message="failed features:&#10;testpackage.testapi: testapi.feature:12 - &#10;javax.net.ssl.SSLHandshakeException: Received fatal alert: handshake_failure&#10;testapi.feature:27 - &#10;javax.net.ssl.SSLHandshakeException: Received fatal alert: handshake_failure&#10;testapi.feature:38 - &#10;javax.net.ssl.SSLHandshakeException: Received fatal alert: handshake_failure&#10;testapi.feature:45 - &#10;javax.net.ssl.SSLHandshakeException: Received fatal alert: handshake_failure&#10;testapi.feature:53 - &#10;javax.net.ssl.SSLHandshakeException: Received fatal alert: handshake_failure&#10; ==&gt; expected: &lt;true&gt; but was: &lt;false&gt;" type="org.opentest4j.AssertionFailedError"><![CDATA[org.opentest4j.AssertionFailedError: 
failed features:
testpackage.testapi: testapi.feature:12 - 
javax.net.ssl.SSLHandshakeException: Received fatal alert: handshake_failure
testapi.feature:27 - 
javax.net.ssl.SSLHandshakeException: Received fatal alert: handshake_failure
testapi.feature:38 - 
javax.net.ssl.SSLHandshakeException: Received fatal alert: handshake_failure
testapi.feature:45 - 
javax.net.ssl.SSLHandshakeException: Received fatal alert: handshake_failure
testapi.feature:53 - 
javax.net.ssl.SSLHandshakeException: Received fatal alert: handshake_failure
 ==> expected: <true> but was: <false>
	at testpackage.TestApiRunner.testParallel(TestApiRunner.java:30)
]]></failure>
    <system-out><![CDATA[19:27:37.090 [main] INFO  com.intuit.karate.Runner - waiting for parallel features to complete ...
19:27:37.138 [ForkJoinPool-1-worker-1] INFO  com.intuit.karate - karate.env system property was: dev 
19:27:37.146 [ForkJoinPool-1-worker-1] INFO  com.intuit.karate - [print] {
  "uuid": 60714272-534c-4cd8-bef2-ee365fe839bc
}

19:27:37.170 [ForkJoinPool-1-worker-1] DEBUG com.intuit.karate - request:
1 > GET https://reqres.in/api/users/2
1 > Accept-Encoding: gzip,deflate
1 > Connection: Keep-Alive
1 > Host: reqres.in
1 > User-Agent: Apache-HttpClient/4.5.12 (Java/1.8.0_251)

19:27:37.218 [ForkJoinPool-1-worker-1] ERROR com.intuit.karate - javax.net.ssl.SSLHandshakeException: Received fatal alert: handshake_failure, http call failed after 48 milliseconds for URL: https://reqres.in/api/users/2
19:27:37.218 [ForkJoinPool-1-worker-1] ERROR com.intuit.karate - http request failed: 
javax.net.ssl.SSLHandshakeException: Received fatal alert: handshake_failure
19:27:37.226 [ForkJoinPool-1-worker-1] INFO  com.intuit.karate - karate.env system property was: dev 
19:27:37.234 [ForkJoinPool-1-worker-1] INFO  com.intuit.karate - [print] {
  "uuid": c9ce6d3d-1fee-4554-882d-38ac834a65f2
}

19:27:37.250 [ForkJoinPool-1-worker-1] DEBUG com.intuit.karate - request:
1 > POST https://reqres.in/api/users
1 > Accept-Encoding: gzip,deflate
1 > Connection: Keep-Alive
1 > Content-Length: 34
1 > Content-Type: application/json; charset=UTF-8
1 > Host: reqres.in
1 > User-Agent: Apache-HttpClient/4.5.12 (Java/1.8.0_251)
{
  "name": "morpheus",
  "job": "leader"
}


19:27:37.282 [ForkJoinPool-1-worker-1] ERROR com.intuit.karate - javax.net.ssl.SSLHandshakeException: Received fatal alert: handshake_failure, http call failed after 32 milliseconds for URL: https://reqres.in/api/users
19:27:37.282 [ForkJoinPool-1-worker-1] ERROR com.intuit.karate - http request failed: 
javax.net.ssl.SSLHandshakeException: Received fatal alert: handshake_failure
19:27:37.290 [ForkJoinPool-1-worker-1] INFO  com.intuit.karate - karate.env system property was: dev 
19:27:37.298 [ForkJoinPool-1-worker-1] INFO  com.intuit.karate - [print] {
  "uuid": c7d7b3a3-b050-4a23-93e2-64d8b97ffd25
}

19:27:37.306 [ForkJoinPool-1-worker-1] DEBUG com.intuit.karate - request:
1 > PUT https://reqres.in/api/users/2
1 > Accept-Encoding: gzip,deflate
1 > Connection: Keep-Alive
1 > Content-Length: 103
1 > Content-Type: text/plain; charset=UTF-8
1 > Host: reqres.in
1 > User-Agent: Apache-HttpClient/4.5.12 (Java/1.8.0_251)
C:\Automation\Karate_BDD\RestAPI_KarateBDD/Resources/RequestAndResponses/Requests/PutRequestSample.json

19:27:37.330 [ForkJoinPool-1-worker-1] ERROR com.intuit.karate - javax.net.ssl.SSLHandshakeException: Received fatal alert: handshake_failure, http call failed after 24 milliseconds for URL: https://reqres.in/api/users/2
19:27:37.338 [ForkJoinPool-1-worker-1] ERROR com.intuit.karate - http request failed: 
javax.net.ssl.SSLHandshakeException: Received fatal alert: handshake_failure
19:27:37.338 [ForkJoinPool-1-worker-1] INFO  com.intuit.karate - karate.env system property was: dev 
19:27:37.346 [ForkJoinPool-1-worker-1] INFO  com.intuit.karate - [print] {
  "uuid": cfed853c-4723-4cc4-9537-4bd4b9b98e13
}

19:27:37.354 [ForkJoinPool-1-worker-1] DEBUG com.intuit.karate - request:
1 > DELETE https://reqres.in/api/users/2
1 > Accept-Encoding: gzip,deflate
1 > Connection: Keep-Alive
1 > Host: reqres.in
1 > User-Agent: Apache-HttpClient/4.5.12 (Java/1.8.0_251)

19:27:37.386 [ForkJoinPool-1-worker-1] ERROR com.intuit.karate - javax.net.ssl.SSLHandshakeException: Received fatal alert: handshake_failure, http call failed after 32 milliseconds for URL: https://reqres.in/api/users/2
19:27:37.386 [ForkJoinPool-1-worker-1] ERROR com.intuit.karate - http request failed: 
javax.net.ssl.SSLHandshakeException: Received fatal alert: handshake_failure
19:27:37.402 [ForkJoinPool-1-worker-1] INFO  com.intuit.karate - karate.env system property was: dev 
19:27:37.410 [ForkJoinPool-1-worker-1] INFO  com.intuit.karate - [print] {
  "uuid": 3e36de9a-9763-4565-8d86-a1ac889295e4
}

19:27:37.418 [ForkJoinPool-1-worker-1] DEBUG com.intuit.karate - request:
1 > PATCH https://reqres.in/api/users/2
1 > Accept-Encoding: gzip,deflate
1 > Connection: Keep-Alive
1 > Content-Length: 103
1 > Content-Type: text/plain; charset=UTF-8
1 > Host: reqres.in
1 > User-Agent: Apache-HttpClient/4.5.12 (Java/1.8.0_251)
C:\Automation\Karate_BDD\RestAPI_KarateBDD/Resources/RequestAndResponses/Requests/PutRequestSample.json

19:27:37.450 [ForkJoinPool-1-worker-1] ERROR com.intuit.karate - javax.net.ssl.SSLHandshakeException: Received fatal alert: handshake_failure, http call failed after 32 milliseconds for URL: https://reqres.in/api/users/2
19:27:37.450 [ForkJoinPool-1-worker-1] ERROR com.intuit.karate - http request failed: 
javax.net.ssl.SSLHandshakeException: Received fatal alert: handshake_failure
19:27:37.474 [pool-1-thread-1] INFO  com.intuit.karate.Runner - <<fail>> feature 1 of 1: classpath:testpackage/testapi.feature
---------------------------------------------------------
feature: classpath:testpackage/testapi.feature
report: target\surefire-reports\testpackage.testapi.json
scenarios:  5 | passed:  0 | failed:  5 | time: 0.2251
---------------------------------------------------------

HTML report: (paste into browser to view) | Karate version: 0.9.6
file:/C:/Automation/Karate_BDD/RestAPI_KarateBDD/target/surefire-reports/karate-summary.html
===================================================================

Karate version: 0.9.6
======================================================
elapsed:   0.42 | threads:    1 | thread time: 0.23 
features:     1 | ignored:    0 | efficiency: 0.54
scenarios:    5 | passed:     0 | failed: 5
======================================================
failed features:
testpackage.testapi: testapi.feature:12 - 
javax.net.ssl.SSLHandshakeException: Received fatal alert: handshake_failure
testapi.feature:27 - 
javax.net.ssl.SSLHandshakeException: Received fatal alert: handshake_failure
testapi.feature:38 - 
javax.net.ssl.SSLHandshakeException: Received fatal alert: handshake_failure
testapi.feature:45 - 
javax.net.ssl.SSLHandshakeException: Received fatal alert: handshake_failure
testapi.feature:53 - 
javax.net.ssl.SSLHandshakeException: Received fatal alert: handshake_failure

]]></system-out>
  </testcase>
</testsuite>