<?xml version="1.0" encoding="UTF-8"?>
<testsuite xmlns:xsi="http://www.w3.org/2001/XMLSchema-instance" xsi:noNamespaceSchemaLocation="https://maven.apache.org/surefire/maven-surefire-plugin/xsd/surefire-test-report.xsd" name="com.examples.ExamplesTest" time="10.326" tests="8" errors="0" skipped="0" failures="1">
  <properties>
[...]
</properties>
  <testcase name="testAll[1][1]" classname="com.examples.ExamplesTest" time="3.218"/>
  <testcase name="testAll[1][2]" classname="com.examples.ExamplesTest" time="1.203"/>
  <testcase name="testAll[2][1]" classname="com.examples.ExamplesTest" time="1.219"/>
  <testcase name="testAll[2][2]" classname="com.examples.ExamplesTest" time="0.874">
    <failure message="testapi.feature:19 - path: $, actual: {&quot;data&quot;:{&quot;last_name&quot;:&quot;Weaver&quot;,&quot;id&quot;:2,&quot;avatar&quot;:&quot;https:\/\/s3.amazonaws.com\/uifaces\/faces\/twitter\/josephstein\/128.jpg&quot;,&quot;first_name&quot;:&quot;Janet&quot;,&quot;email&quot;:&quot;janet.weaver@reqres.in&quot;},&quot;support&quot;:{&quot;text&quot;:&quot;To keep ReqRes free, contributions towards server costs are appreciated!&quot;,&quot;url&quot;:&quot;https:\/\/reqres.in\/#support-heading&quot;}}, expected: {data={id=2, email=janet.weaver@reqres.in, first_name=Janet, last_name=Weaver, avatar=https://s3.amazonaws.com/uifaces/faces/twitter/josephstein/128.jpg}, ad={company=StatusCode Weekly, url=http://statuscode.org/, text=A weekly newsletter focusing on software development, infrastructure, the server, performance, and the stack end of things.}}, reason: all key-values did not match, expected has un-matched keys: [ad]" type="org.opentest4j.AssertionFailedError">org.opentest4j.AssertionFailedError: testapi.feature:19 - path: $, actual: {"data":{"last_name":"Weaver","id":2,"avatar":"https:\/\/s3.amazonaws.com\/uifaces\/faces\/twitter\/josephstein\/128.jpg","first_name":"Janet","email":"janet.weaver@reqres.in"},"support":{"text":"To keep ReqRes free, contributions towards server costs are appreciated!","url":"https:\/\/reqres.in\/#support-heading"}}, expected: {data={id=2, email=janet.weaver@reqres.in, first_name=Janet, last_name=Weaver, avatar=https://s3.amazonaws.com/uifaces/faces/twitter/josephstein/128.jpg}, ad={company=StatusCode Weekly, url=http://statuscode.org/, text=A weekly newsletter focusing on software development, infrastructure, the server, performance, and the stack end of things.}}, reason: all key-values did not match, expected has un-matched keys: [ad]
</failure>
    <system-out><![CDATA[11:35:01.424 [main] INFO  com.intuit.karate - karate.env system property was :::   
11:35:01.424 [main] INFO  com.intuit.karate - Karate Testing Environment :::  DEV 
11:35:01.439 [main] INFO  com.intuit.karate - [print]
11:35:01.439 [main] DEBUG com.intuit.karate - request:
1 > GET https://reqres.in/api/users/2
1 > Accept-Encoding: gzip,deflate
1 > Connection: Keep-Alive
1 > Host: reqres.in
1 > User-Agent: Apache-HttpClient/4.5.12 (Java/1.8.0_251)

11:35:02.221 [main] DEBUG com.intuit.karate - response time in milliseconds: 786.83
1 < 200
1 < Access-Control-Allow-Origin: *
1 < CF-Cache-Status: DYNAMIC
1 < CF-RAY: 5f4162c04e512c6e-LHR
1 < Connection: keep-alive
1 < Content-Type: application/json; charset=utf-8
1 < Date: Wed, 18 Nov 2020 11:35:02 GMT
1 < Etag: W/"133-LSMNaMLmUUW7mb0QKapIU3FQUI0"
1 < Expect-CT: max-age=604800, report-uri="https://report-uri.cloudflare.com/cdn-cgi/beacon/expect-ct"
1 < NEL: {"report_to":"cf-nel","max_age":604800}
1 < Report-To: {"endpoints":[{"url":"https:\/\/a.nel.cloudflare.com\/report?s=c3KWGMxAfFq8XNFjU%2Bz%2BF9jrBdqTRJ03J3ygU8yIWdH3d4ix3WDqorSKaUSc1OwUUV65beoRYzRkj%2F%2FLRktrkhXZ%2BvWyoKPoDtw%3D"}],"group":"cf-nel","max_age":604800}
1 < Server: cloudflare
1 < Set-Cookie: __cfduid=dc1b7505f4a7d7e45b568f207ec69ba5b1605699302; expires=Fri, 18-Dec-20 11:35:02 GMT; path=/; domain=.reqres.in; HttpOnly; SameSite=Lax; Secure
1 < Transfer-Encoding: chunked
1 < Via: 1.1 vegur
1 < X-Powered-By: Express
1 < cf-request-id: 067cbc0c2a00002c6ee6081000000001
{"data":{"id":2,"email":"janet.weaver@reqres.in","first_name":"Janet","last_name":"Weaver","avatar":"https://s3.amazonaws.com/uifaces/faces/twitter/josephstein/128.jpg"},"support":{"url":"https://reqres.in/#support-heading","text":"To keep ReqRes free, contributions towards server costs are appreciated!"}}

11:35:02.267 [main] ERROR com.intuit.karate - assertion failed: path: $, actual: {"data":{"last_name":"Weaver","id":2,"avatar":"https:\/\/s3.amazonaws.com\/uifaces\/faces\/twitter\/josephstein\/128.jpg","first_name":"Janet","email":"janet.weaver@reqres.in"},"support":{"text":"To keep ReqRes free, contributions towards server costs are appreciated!","url":"https:\/\/reqres.in\/#support-heading"}}, expected: {data={id=2, email=janet.weaver@reqres.in, first_name=Janet, last_name=Weaver, avatar=https://s3.amazonaws.com/uifaces/faces/twitter/josephstein/128.jpg}, ad={company=StatusCode Weekly, url=http://statuscode.org/, text=A weekly newsletter focusing on software development, infrastructure, the server, performance, and the stack end of things.}}, reason: all key-values did not match, expected has un-matched keys: [ad]
]]></system-out>
  </testcase>
  <testcase name="testAll[2][3]" classname="com.examples.ExamplesTest" time="0.75"/>
  <testcase name="testAll[2][4]" classname="com.examples.ExamplesTest" time="0.656"/>
  <testcase name="testAll[2][5]" classname="com.examples.ExamplesTest" time="0.641"/>
  <testcase name="testAll[2][6]" classname="com.examples.ExamplesTest" time="0.875"/>
</testsuite>