<?xml version="1.0" encoding="UTF-8"?>
<testsuite xmlns:xsi="http://www.w3.org/2001/XMLSchema-instance" xsi:noNamespaceSchemaLocation="https://maven.apache.org/surefire/maven-surefire-plugin/xsd/surefire-test-report.xsd" name="examples.ExamplesTest" time="2.591" tests="2" errors="0" skipped="0" failures="2">
  <properties>
[...]
</properties>
  <testcase name="testAll[1][1]" classname="examples.ExamplesTest" time="1.281">
    <failure message="users.feature:10 - &#10;javax.net.ssl.SSLHandshakeException: Received fatal alert: handshake_failure" type="org.opentest4j.AssertionFailedError">org.opentest4j.AssertionFailedError: 
users.feature:10 - 
javax.net.ssl.SSLHandshakeException: Received fatal alert: handshake_failure
</failure>
    <system-out><![CDATA[19:27:35.753 [main] INFO  com.intuit.karate - karate.env system property was:  
19:27:36.625 [main] DEBUG com.intuit.karate - request:
1 > GET https://jsonplaceholder.typicode.com/users
1 > Accept-Encoding: gzip,deflate
1 > Connection: Keep-Alive
1 > Host: jsonplaceholder.typicode.com
1 > User-Agent: Apache-HttpClient/4.5.12 (Java/1.8.0_251)

19:27:36.802 [main] ERROR com.intuit.karate - javax.net.ssl.SSLHandshakeException: Received fatal alert: handshake_failure, http call failed after 177 milliseconds for URL: https://jsonplaceholder.typicode.com/users
19:27:36.802 [main] ERROR com.intuit.karate - http request failed: 
javax.net.ssl.SSLHandshakeException: Received fatal alert: handshake_failure
]]></system-out>
  </testcase>
  <testcase name="testAll[1][2]" classname="examples.ExamplesTest" time="0.216">
    <failure message="users.feature:37 - &#10;javax.net.ssl.SSLHandshakeException: Received fatal alert: handshake_failure" type="org.opentest4j.AssertionFailedError">org.opentest4j.AssertionFailedError: 
users.feature:37 - 
javax.net.ssl.SSLHandshakeException: Received fatal alert: handshake_failure
</failure>
    <system-out><![CDATA[19:27:36.834 [main] INFO  com.intuit.karate - karate.env system property was:  
19:27:36.858 [main] DEBUG com.intuit.karate - request:
1 > POST https://jsonplaceholder.typicode.com/users
1 > Accept-Encoding: gzip,deflate
1 > Connection: Keep-Alive
1 > Content-Length: 160
1 > Content-Type: application/json; charset=UTF-8
1 > Host: jsonplaceholder.typicode.com
1 > User-Agent: Apache-HttpClient/4.5.12 (Java/1.8.0_251)
{
  "name": "Test User",
  "username": "testuser",
  "email": "test@user.com",
  "address": {
    "street": "Has No Name",
    "suite": "Apt. 123",
    "city": "Electri",
    "zipcode": "54321-6789"
  }
}


19:27:36.914 [main] ERROR com.intuit.karate - javax.net.ssl.SSLHandshakeException: Received fatal alert: handshake_failure, http call failed after 56 milliseconds for URL: https://jsonplaceholder.typicode.com/users
19:27:36.914 [main] ERROR com.intuit.karate - http request failed: 
javax.net.ssl.SSLHandshakeException: Received fatal alert: handshake_failure
---------------------------------------------------------
feature: classpath:examples/users/users.feature
scenarios:  2 | passed:  0 | failed:  2 | time: 0.4167
---------------------------------------------------------
]]></system-out>
  </testcase>
</testsuite>